<?xml version="1.0" encoding="UTF-8"?>
<!-- Generated by org.testng.reporters.JUnitReportReporter -->
<testsuite hostname="Ma7mwD" failures="0" tests="3" name="TestPackage.TestRun" time="25.513" errors="0" timestamp="2023-01-28T12:49:24 EET" skipped="0">
  <testcase classname="TestPackage.TestRun" name="Test1" time="3.259"/>
  <system-out/>
  <testcase classname="TestPackage.TestRun" name="Test2" time="4.565"/>
  <system-out/>
  <testcase classname="TestPackage.TestRun" name="Test3" time="17.689"/>
  <system-out/>
</testsuite> <!-- TestPackage.TestRun -->
