<?xml version="1.0" encoding="UTF-8"?>
<!-- Generated by org.testng.reporters.JUnitReportReporter -->
<testsuite hostname="Ma7mwD" failures="0" tests="1" name="TestPackage.TestRun2" time="100.197" errors="0" timestamp="2023-01-28T12:57:09 EET" skipped="0">
  <testcase classname="TestPackage.TestRun2" name="Test1" time="100.197"/>
  <system-out/>
</testsuite> <!-- TestPackage.TestRun2 -->
